c:\users\dash\documents\github\pokemongo\pokemongo\debug\vc120.pdb
c:\users\dash\documents\github\pokemongo\pokemongo\debug\viewpokemongo.obj
c:\users\dash\documents\github\pokemongo\pokemongo\debug\viewpokedex.obj
c:\users\dash\documents\github\pokemongo\pokemongo\debug\viewatraparpokemon.obj
c:\users\dash\documents\github\pokemongo\pokemongo\debug\pokemon.obj
c:\users\dash\documents\github\pokemongo\pokemongo\debug\personaje.obj
c:\users\dash\documents\github\pokemongo\pokemongo\debug\controlador.obj
c:\users\dash\documents\github\pokemongo\pokemongo\debug\.netframework,version=v4.5.assemblyattributes.obj
c:\users\dash\documents\github\pokemongo\debug\pokemongo.exe
c:\users\dash\documents\github\pokemongo\debug\pokemongo.pdb
c:\users\dash\documents\github\pokemongo\pokemongo\debug\pokemongo.viewatraparpokemon.resources
c:\users\dash\documents\github\pokemongo\pokemongo\debug\pokemongo.viewpokedex.resources
c:\users\dash\documents\github\pokemongo\pokemongo\debug\pokemongo.viewpokemongo.resources
c:\users\dash\documents\github\pokemongo\pokemongo\debug\pokemongo.vcxproj.generateresource.cache
c:\users\dash\documents\github\pokemongo\pokemongo\debug\pokemongo.vcxprojresolveassemblyreference.cache
c:\users\dash\documents\github\pokemongo\pokemongo\debug\pokemongo.tlog\cl.command.1.tlog
c:\users\dash\documents\github\pokemongo\pokemongo\debug\pokemongo.tlog\cl.read.1.tlog
c:\users\dash\documents\github\pokemongo\pokemongo\debug\pokemongo.tlog\cl.write.1.tlog
c:\users\dash\documents\github\pokemongo\pokemongo\debug\pokemongo.tlog\link.command.1.tlog
c:\users\dash\documents\github\pokemongo\pokemongo\debug\pokemongo.tlog\link.read.1.tlog
c:\users\dash\documents\github\pokemongo\pokemongo\debug\pokemongo.tlog\link.write.1.tlog
c:\users\dash\documents\github\pokemongo\pokemongo\debug\pokemongo.tlog\metagen.read.1.tlog
c:\users\dash\documents\github\pokemongo\pokemongo\debug\pokemongo.tlog\metagen.write.1.tlog
c:\users\dash\documents\github\pokemongo\pokemongo\debug\pokemongo.tlog\pokemongo.write.1u.tlog
c:\users\dash\documents\github\pokemongo\pokemongo\debug\pokemongo.tlog\rsaenh.dll.bi
c:\users\dash\documents\github\pokemongo\pokemongo\debug\pokemongo.tlog\tzres.dll.bi
